[debug] [2020-03-03T04:56:30.639Z] ----------------------------------------------------------------------
[debug] [2020-03-03T04:56:30.641Z] Command:       /Users/thescoho/.nvm/versions/node/v13.7.0/bin/node /Users/thescoho/.nvm/versions/node/v13.7.0/bin/firebase init
[debug] [2020-03-03T04:56:30.641Z] CLI Version:   7.14.0
[debug] [2020-03-03T04:56:30.641Z] Platform:      darwin
[debug] [2020-03-03T04:56:30.641Z] Node Version:  v13.7.0
[debug] [2020-03-03T04:56:30.641Z] Time:          Mon Mar 02 2020 20:56:30 GMT-0800 (Pacific Standard Time)
[debug] [2020-03-03T04:56:30.642Z] ----------------------------------------------------------------------
[debug] [2020-03-03T04:56:30.642Z] 
[debug] [2020-03-03T04:56:30.657Z] > command requires scopes: ["email","openid","https://www.googleapis.com/auth/cloudplatformprojects.readonly","https://www.googleapis.com/auth/firebase","https://www.googleapis.com/auth/cloud-platform"]
[debug] [2020-03-03T04:56:30.657Z] > authorizing via signed-in user
[info] 
     ######## #### ########  ######## ########     ###     ######  ########
     ##        ##  ##     ## ##       ##     ##  ##   ##  ##       ##
     ######    ##  ########  ######   ########  #########  ######  ######
     ##        ##  ##    ##  ##       ##     ## ##     ##       ## ##
     ##       #### ##     ## ######## ########  ##     ##  ######  ########

You're about to initialize a Firebase project in this directory:

  /Users/thescoho/Documents/INFO 340/project-ajayk111

Before we get started, keep in mind:

  * You are initializing in an existing Firebase project directory

[debug] [2020-03-03T04:56:53.170Z] TypeError: Cannot read property 'setRawMode' of null
    at ReadStream.setRawMode (tty.js:75:28)
    at Interface._setRawMode (readline.js:288:16)
    at Interface.close (readline.js:411:10)
    at ReadStream.ontermend (readline.js:199:10)
    at ReadStream.emit (events.js:333:22)
    at ReadStream.EventEmitter.emit (domain.js:485:12)
    at endReadableNT (_stream_readable.js:1201:12)
    at processTicksAndRejections (internal/process/task_queues.js:84:21)
